Arguments: 
  /home/vscnd/.nvm/versions/node/v14.16.0/bin/node /home/vscnd/.yarn/bin/yarn.js start --host

PATH: 
  /home/vscnd/.jenv/shims:/home/vscnd/.jenv/bin:/home/vscnd/.local/bin:/home/vscnd/.yarn/bin:/home/vscnd/.config/yarn/global/node_modules/.bin:/home/vscnd/.vscode-server/bin/054a9295330880ed74ceaedda236253b4f39a335/bin:/home/vscnd/.jenv/shims:/home/vscnd/.jenv/bin:/home/vscnd/.local/bin:/home/vscnd/.yarn/bin:/home/vscnd/.config/yarn/global/node_modules/.bin:/home/vscnd/.nvm/versions/node/v14.16.0/bin:/usr/local/sbin:/usr/local/bin:/usr/sbin:/usr/bin:/sbin:/bin:/usr/games:/usr/local/games:/mnt/c/Windows/system32:/mnt/c/Windows:/mnt/c/Windows/System32/Wbem:/mnt/c/Windows/System32/WindowsPowerShell/v1.0/:/mnt/c/Windows/System32/OpenSSH/:/mnt/c/Program Files/NVIDIA Corporation/NVIDIA NvDLISR:/mnt/c/Program Files (x86)/NVIDIA Corporation/PhysX/Common:/mnt/c/Program Files/Intel/WiFi/bin/:/mnt/c/Program Files/Common Files/Intel/WirelessCommon/:/mnt/c/utils/ffmpeg:/mnt/c/Program Files/dotnet/:/mnt/c/ProgramData/chocolatey/bin:/mnt/c/Program Files/Docker/Docker/resources/bin:/mnt/c/ProgramData/DockerDesktop/version-bin:/mnt/c/utils/aria2:/mnt/c/Program Files/Multipass/bin:/mnt/c/tools/neovim/Neovim/bin:/mnt/c/Program Files (x86)/Calibre2/:/mnt/c/Users/vscnd/AppData/Local/Microsoft/WindowsApps:/mnt/c/Users/vscnd/AppData/Local/Programs/Microsoft VS Code/bin:/mnt/c/Program Files/Google/Chrome/Application:/mnt/c/tools/wslgit:/mnt/c/utils/youtube-dl

Yarn version: 
  1.22.5

Node version: 
  14.16.0

Platform: 
  linux x64

Trace: 
  SyntaxError: /home/vscnd/.learning_path/frontendmasters/react/react-typescript-workshop/used-projects/5-counter-class-based/package.json: Unexpected token / in JSON at position 605
      at JSON.parse (<anonymous>)
      at /home/vscnd/.yarn/lib/cli.js:1625:59
      at Generator.next (<anonymous>)
      at step (/home/vscnd/.yarn/lib/cli.js:310:30)
      at /home/vscnd/.yarn/lib/cli.js:321:13

npm manifest: 
  {
    "name": "incident-counter",
    "version": "1.0.0",
    "description": "",
    "keywords": [],
    "main": "src/index.tsx",
    "scripts": {
      "start": "react-scripts start",
      "build": "react-scripts build",
      "test": "react-scripts test --env=jsdom",
      "eject": "react-scripts eject"
    },
    "dependencies": {
      "lodash.shuffle": "^4.2.0",
      "prop-types": "15.7.2",
      "react": "17.0.2",
      "react-dom": "17.0.2",
      "react-scripts": "4.0.3"
    },
    "devDependencies": {
      "@types/react": "17.0.3",
      "@types/react-dom": "17.0.3",
      "node-sass": "^5.0.0",
      "typescript": "^4.2.3"
    },
    // "eslintConfig": {
    // "extends": [
    //   "react-app"
    // ]
    // },
    "browserslist": [
      ">0.2%",
      "not dead",
      "not ie <= 11",
      "not op_mini all"
    ]
  }

yarn manifest: 
  No manifest

Lockfile: 
  No lockfile
